<?xml version="1.0" encoding="UTF-8"?>
<testsuite xmlns:xsi="http://www.w3.org/2001/XMLSchema-instance" xsi:noNamespaceSchemaLocation="https://maven.apache.org/surefire/maven-surefire-plugin/xsd/surefire-test-report.xsd" name="com.gitlab.metrics.service.TestCoverageServiceTest" time="0.967" tests="13" errors="0" skipped="0" failures="0">
  <properties>
[...]
</properties>
  <testcase name="testParseUnsupportedReportType" classname="com.gitlab.metrics.service.TestCoverageServiceTest" time="0.473"/>
  <testcase name="testCleanupOldCoverageRecordsEmpty" classname="com.gitlab.metrics.service.TestCoverageServiceTest" time="0.017"/>
  <testcase name="testGetCoverageTrendEmpty" classname="com.gitlab.metrics.service.TestCoverageServiceTest" time="0.001"/>
  <testcase name="testGetLatestCoverageEmpty" classname="com.gitlab.metrics.service.TestCoverageServiceTest" time="0.003"/>
  <testcase name="testCleanupOldCoverageRecords" classname="com.gitlab.metrics.service.TestCoverageServiceTest" time="0.004"/>
  <testcase name="testParseCoberturaReport" classname="com.gitlab.metrics.service.TestCoverageServiceTest" time="0.067"/>
  <testcase name="testParseLcovReport" classname="com.gitlab.metrics.service.TestCoverageServiceTest" time="0.002"/>
  <testcase name="testGetCoverageByDateRange" classname="com.gitlab.metrics.service.TestCoverageServiceTest" time="0.002"/>
  <testcase name="testGetLatestCoverage" classname="com.gitlab.metrics.service.TestCoverageServiceTest" time="0.001"/>
  <testcase name="testGetCoverageHistory" classname="com.gitlab.metrics.service.TestCoverageServiceTest" time="0"/>
  <testcase name="testParseInvalidXmlReport" classname="com.gitlab.metrics.service.TestCoverageServiceTest" time="0.015"/>
  <testcase name="testParseJaCoCoReport" classname="com.gitlab.metrics.service.TestCoverageServiceTest" time="0.002"/>
  <testcase name="testGetCoverageTrend" classname="com.gitlab.metrics.service.TestCoverageServiceTest" time="0.001"/>
</testsuite>